[5.034s] Invoking command in '/home/rosdev/ros2_ws/src/tiago_supermarket/build/tiago_supermarket': PYTHONPATH=/home/rosdev/ros2_ws/src/tiago_supermarket/build/tiago_supermarket/prefix_override:/usr/lib/python3/dist-packages/colcon_core/task/python/colcon_distutils_commands:/home/rosdev/ros2_ws/src/tiago_supermarket/install/tiago_supermarket/lib/python3.12/site-packages:${PYTHONPATH} /usr/bin/python3 -W ignore:setup.py install is deprecated -W ignore:easy_install command is deprecated setup.py develop --editable --build-directory /home/rosdev/ros2_ws/src/tiago_supermarket/build/tiago_supermarket/build --no-deps symlink_data
[6.500s] running develop
[7.349s] running egg_info
[7.349s] creating tiago_supermarket.egg-info
[7.433s] writing tiago_supermarket.egg-info/PKG-INFO
[7.434s] writing dependency_links to tiago_supermarket.egg-info/dependency_links.txt
[7.435s] writing entry points to tiago_supermarket.egg-info/entry_points.txt
[7.436s] writing requirements to tiago_supermarket.egg-info/requires.txt
[7.438s] writing top-level names to tiago_supermarket.egg-info/top_level.txt
[7.439s] writing manifest file 'tiago_supermarket.egg-info/SOURCES.txt'
[7.614s] reading manifest file 'tiago_supermarket.egg-info/SOURCES.txt'
[7.616s] writing manifest file 'tiago_supermarket.egg-info/SOURCES.txt'
[7.713s] running build_ext
[7.718s] Creating /home/rosdev/ros2_ws/src/tiago_supermarket/install/tiago_supermarket/lib/python3.12/site-packages/tiago-supermarket.egg-link (link to .)
[7.721s] Installing arm_control script to /home/rosdev/ros2_ws/src/tiago_supermarket/install/tiago_supermarket/lib/tiago_supermarket
[7.722s] Installing aruco script to /home/rosdev/ros2_ws/src/tiago_supermarket/install/tiago_supermarket/lib/tiago_supermarket
[7.725s] Installing motion_control script to /home/rosdev/ros2_ws/src/tiago_supermarket/install/tiago_supermarket/lib/tiago_supermarket
[7.725s] Installing object_detection script to /home/rosdev/ros2_ws/src/tiago_supermarket/install/tiago_supermarket/lib/tiago_supermarket
[7.728s] 
[7.728s] Installed /home/rosdev/ros2_ws/src/tiago_supermarket/build/tiago_supermarket
[7.735s] running symlink_data
[7.736s] creating /home/rosdev/ros2_ws/src/tiago_supermarket/install/tiago_supermarket/share/ament_index
[7.736s] creating /home/rosdev/ros2_ws/src/tiago_supermarket/install/tiago_supermarket/share/ament_index/resource_index
[7.736s] creating /home/rosdev/ros2_ws/src/tiago_supermarket/install/tiago_supermarket/share/ament_index/resource_index/packages
[7.736s] symbolically linking /home/rosdev/ros2_ws/src/tiago_supermarket/build/tiago_supermarket/resource/tiago_supermarket -> /home/rosdev/ros2_ws/src/tiago_supermarket/install/tiago_supermarket/share/ament_index/resource_index/packages
[7.736s] symbolically linking /home/rosdev/ros2_ws/src/tiago_supermarket/build/tiago_supermarket/package.xml -> /home/rosdev/ros2_ws/src/tiago_supermarket/install/tiago_supermarket/share/tiago_supermarket
[7.747s] creating /home/rosdev/ros2_ws/src/tiago_supermarket/install/tiago_supermarket/share/tiago_supermarket/launch
[7.747s] symbolically linking /home/rosdev/ros2_ws/src/tiago_supermarket/build/tiago_supermarket/launch/tiago_task.launch.py -> /home/rosdev/ros2_ws/src/tiago_supermarket/install/tiago_supermarket/share/tiago_supermarket/launch
[7.978s] Invoked command in '/home/rosdev/ros2_ws/src/tiago_supermarket/build/tiago_supermarket' returned '0': PYTHONPATH=/home/rosdev/ros2_ws/src/tiago_supermarket/build/tiago_supermarket/prefix_override:/usr/lib/python3/dist-packages/colcon_core/task/python/colcon_distutils_commands:/home/rosdev/ros2_ws/src/tiago_supermarket/install/tiago_supermarket/lib/python3.12/site-packages:${PYTHONPATH} /usr/bin/python3 -W ignore:setup.py install is deprecated -W ignore:easy_install command is deprecated setup.py develop --editable --build-directory /home/rosdev/ros2_ws/src/tiago_supermarket/build/tiago_supermarket/build --no-deps symlink_data
