[0.814s] DEBUG:colcon:Command line arguments: ['/usr/bin/colcon', 'build', '--symlink-install']
[0.814s] DEBUG:colcon:Parsed command line arguments: Namespace(log_base=None, log_level=None, verb_name='build', build_base='build', install_base='install', merge_install=False, symlink_install=True, test_result_base=None, continue_on_error=False, executor='parallel', parallel_workers=8, event_handlers=None, ignore_user_meta=False, metas=['./colcon.meta'], base_paths=['.'], packages_ignore=None, packages_ignore_regex=None, paths=None, packages_up_to=None, packages_up_to_regex=None, packages_above=None, packages_above_and_dependencies=None, packages_above_depth=None, packages_select_by_dep=None, packages_skip_by_dep=None, packages_skip_up_to=None, packages_select_build_failed=False, packages_skip_build_finished=False, packages_select_test_failures=False, packages_skip_test_passed=False, packages_select=None, packages_skip=None, packages_select_regex=None, packages_skip_regex=None, packages_start=None, packages_end=None, cmake_args=None, cmake_target=None, cmake_target_skip_unavailable=False, cmake_clean_cache=False, cmake_clean_first=False, cmake_force_configure=False, ament_cmake_args=None, catkin_cmake_args=None, catkin_skip_building_tests=False, mixin_files=None, mixin=None, verb_parser=<colcon_mixin.mixin.mixin_argument.MixinArgumentDecorator object at 0x746f4cb291c0>, verb_extension=<colcon_core.verb.build.BuildVerb object at 0x746f4cc6d8b0>, main=<bound method BuildVerb.main of <colcon_core.verb.build.BuildVerb object at 0x746f4cc6d8b0>>, mixin_verb=('build',))
[1.050s] Level 1:colcon.colcon_core.package_discovery:discover_packages(colcon_meta) check parameters
[1.051s] Level 1:colcon.colcon_core.package_discovery:discover_packages(recursive) check parameters
[1.051s] Level 1:colcon.colcon_core.package_discovery:discover_packages(ignore) check parameters
[1.051s] Level 1:colcon.colcon_core.package_discovery:discover_packages(path) check parameters
[1.051s] Level 1:colcon.colcon_core.package_discovery:discover_packages(colcon_meta) discover
[1.052s] Level 1:colcon.colcon_core.package_discovery:discover_packages(recursive) discover
[1.052s] INFO:colcon.colcon_core.package_discovery:Crawling recursively for packages in '/home/rosdev/ros2_ws/src/tiago_supermarket'
[1.052s] Level 1:colcon.colcon_core.package_identification:_identify(.) by extensions ['ignore', 'ignore_ament_install']
[1.053s] Level 1:colcon.colcon_core.package_identification:_identify(.) by extension 'ignore'
[1.053s] Level 1:colcon.colcon_core.package_identification:_identify(.) by extension 'ignore_ament_install'
[1.053s] Level 1:colcon.colcon_core.package_identification:_identify(.) by extensions ['colcon_pkg']
[1.053s] Level 1:colcon.colcon_core.package_identification:_identify(.) by extension 'colcon_pkg'
[1.053s] Level 1:colcon.colcon_core.package_identification:_identify(.) by extensions ['colcon_meta']
[1.053s] Level 1:colcon.colcon_core.package_identification:_identify(.) by extension 'colcon_meta'
[1.053s] Level 1:colcon.colcon_core.package_identification:_identify(.) by extensions ['ros']
[1.053s] Level 1:colcon.colcon_core.package_identification:_identify(.) by extension 'ros'
[1.261s] DEBUG:colcon.colcon_core.package_identification:Package '.' with type 'ros.ament_python' and name 'tiago_supermarket'
[1.262s] Level 1:colcon.colcon_core.package_discovery:discover_packages(recursive) using defaults
[1.262s] Level 1:colcon.colcon_core.package_discovery:discover_packages(ignore) discover
[1.262s] Level 1:colcon.colcon_core.package_discovery:discover_packages(ignore) using defaults
[1.262s] Level 1:colcon.colcon_core.package_discovery:discover_packages(path) discover
[1.262s] Level 1:colcon.colcon_core.package_discovery:discover_packages(path) using defaults
[1.377s] Level 5:colcon.colcon_core.verb:set package 'tiago_supermarket' build argument 'cmake_args' from command line to 'None'
[1.377s] Level 5:colcon.colcon_core.verb:set package 'tiago_supermarket' build argument 'cmake_target' from command line to 'None'
[1.377s] Level 5:colcon.colcon_core.verb:set package 'tiago_supermarket' build argument 'cmake_target_skip_unavailable' from command line to 'False'
[1.378s] Level 5:colcon.colcon_core.verb:set package 'tiago_supermarket' build argument 'cmake_clean_cache' from command line to 'False'
[1.378s] Level 5:colcon.colcon_core.verb:set package 'tiago_supermarket' build argument 'cmake_clean_first' from command line to 'False'
[1.378s] Level 5:colcon.colcon_core.verb:set package 'tiago_supermarket' build argument 'cmake_force_configure' from command line to 'False'
[1.378s] Level 5:colcon.colcon_core.verb:set package 'tiago_supermarket' build argument 'ament_cmake_args' from command line to 'None'
[1.378s] Level 5:colcon.colcon_core.verb:set package 'tiago_supermarket' build argument 'catkin_cmake_args' from command line to 'None'
[1.378s] Level 5:colcon.colcon_core.verb:set package 'tiago_supermarket' build argument 'catkin_skip_building_tests' from command line to 'False'
[1.378s] DEBUG:colcon.colcon_core.verb:Building package 'tiago_supermarket' with the following arguments: {'ament_cmake_args': None, 'build_base': '/home/rosdev/ros2_ws/src/tiago_supermarket/build/tiago_supermarket', 'catkin_cmake_args': None, 'catkin_skip_building_tests': False, 'cmake_args': None, 'cmake_clean_cache': False, 'cmake_clean_first': False, 'cmake_force_configure': False, 'cmake_target': None, 'cmake_target_skip_unavailable': False, 'install_base': '/home/rosdev/ros2_ws/src/tiago_supermarket/install/tiago_supermarket', 'merge_install': False, 'path': '/home/rosdev/ros2_ws/src/tiago_supermarket', 'symlink_install': True, 'test_result_base': None}
[1.383s] INFO:colcon.colcon_core.executor:Executing jobs using 'parallel' executor
[1.390s] DEBUG:colcon.colcon_parallel_executor.executor.parallel:run_until_complete
[1.392s] INFO:colcon.colcon_ros.task.ament_python.build:Building ROS package in '/home/rosdev/ros2_ws/src/tiago_supermarket' with build type 'ament_python'
[1.392s] Level 1:colcon.colcon_core.shell:create_environment_hook('tiago_supermarket', 'ament_prefix_path')
[1.428s] INFO:colcon.colcon_core.plugin_system:Skipping extension 'colcon_core.shell.bat': Not used on non-Windows systems
[1.429s] INFO:colcon.colcon_core.shell:Creating environment hook '/home/rosdev/ros2_ws/src/tiago_supermarket/install/tiago_supermarket/share/tiago_supermarket/hook/ament_prefix_path.ps1'
[1.432s] INFO:colcon.colcon_core.shell:Creating environment descriptor '/home/rosdev/ros2_ws/src/tiago_supermarket/install/tiago_supermarket/share/tiago_supermarket/hook/ament_prefix_path.dsv'
[1.435s] INFO:colcon.colcon_core.shell:Creating environment hook '/home/rosdev/ros2_ws/src/tiago_supermarket/install/tiago_supermarket/share/tiago_supermarket/hook/ament_prefix_path.sh'
[1.438s] INFO:colcon.colcon_core.shell:Skip shell extension 'powershell' for command environment: Not usable outside of PowerShell
[1.439s] DEBUG:colcon.colcon_core.shell:Skip shell extension 'dsv' for command environment
[2.770s] INFO:colcon.colcon_core.task.python.build:Building Python package in '/home/rosdev/ros2_ws/src/tiago_supermarket'
[2.771s] INFO:colcon.colcon_core.shell:Skip shell extension 'powershell' for command environment: Not usable outside of PowerShell
[2.772s] DEBUG:colcon.colcon_core.shell:Skip shell extension 'dsv' for command environment
[6.428s] DEBUG:colcon.colcon_core.event_handler.log_command:Invoking command in '/home/rosdev/ros2_ws/src/tiago_supermarket/build/tiago_supermarket': PYTHONPATH=/home/rosdev/ros2_ws/src/tiago_supermarket/build/tiago_supermarket/prefix_override:/usr/lib/python3/dist-packages/colcon_core/task/python/colcon_distutils_commands:/home/rosdev/ros2_ws/src/tiago_supermarket/install/tiago_supermarket/lib/python3.12/site-packages:${PYTHONPATH} /usr/bin/python3 -W ignore:setup.py install is deprecated -W ignore:easy_install command is deprecated setup.py develop --editable --build-directory /home/rosdev/ros2_ws/src/tiago_supermarket/build/tiago_supermarket/build --no-deps symlink_data
[9.370s] Level 1:colcon.colcon_core.shell:create_environment_hook('tiago_supermarket', 'pythonpath_develop')
[9.370s] INFO:colcon.colcon_core.shell:Creating environment hook '/home/rosdev/ros2_ws/src/tiago_supermarket/build/tiago_supermarket/share/tiago_supermarket/hook/pythonpath_develop.ps1'
[9.371s] DEBUG:colcon.colcon_core.event_handler.log_command:Invoked command in '/home/rosdev/ros2_ws/src/tiago_supermarket/build/tiago_supermarket' returned '0': PYTHONPATH=/home/rosdev/ros2_ws/src/tiago_supermarket/build/tiago_supermarket/prefix_override:/usr/lib/python3/dist-packages/colcon_core/task/python/colcon_distutils_commands:/home/rosdev/ros2_ws/src/tiago_supermarket/install/tiago_supermarket/lib/python3.12/site-packages:${PYTHONPATH} /usr/bin/python3 -W ignore:setup.py install is deprecated -W ignore:easy_install command is deprecated setup.py develop --editable --build-directory /home/rosdev/ros2_ws/src/tiago_supermarket/build/tiago_supermarket/build --no-deps symlink_data
[9.373s] INFO:colcon.colcon_core.shell:Creating environment descriptor '/home/rosdev/ros2_ws/src/tiago_supermarket/build/tiago_supermarket/share/tiago_supermarket/hook/pythonpath_develop.dsv'
[9.374s] INFO:colcon.colcon_core.shell:Creating environment hook '/home/rosdev/ros2_ws/src/tiago_supermarket/build/tiago_supermarket/share/tiago_supermarket/hook/pythonpath_develop.sh'
[9.383s] Level 1:colcon.colcon_core.environment:checking '/home/rosdev/ros2_ws/src/tiago_supermarket/install/tiago_supermarket' for CMake module files
[9.385s] Level 1:colcon.colcon_core.environment:checking '/home/rosdev/ros2_ws/src/tiago_supermarket/install/tiago_supermarket' for CMake config files
[9.386s] Level 1:colcon.colcon_core.environment:checking '/home/rosdev/ros2_ws/src/tiago_supermarket/install/tiago_supermarket/lib'
[9.387s] Level 1:colcon.colcon_core.environment:checking '/home/rosdev/ros2_ws/src/tiago_supermarket/install/tiago_supermarket/bin'
[9.387s] Level 1:colcon.colcon_core.environment:checking '/home/rosdev/ros2_ws/src/tiago_supermarket/install/tiago_supermarket/lib/pkgconfig/tiago_supermarket.pc'
[9.388s] Level 1:colcon.colcon_core.environment:checking '/home/rosdev/ros2_ws/src/tiago_supermarket/install/tiago_supermarket/lib/python3.12/site-packages'
[9.388s] Level 1:colcon.colcon_core.shell:create_environment_hook('tiago_supermarket', 'pythonpath')
[9.388s] INFO:colcon.colcon_core.shell:Creating environment hook '/home/rosdev/ros2_ws/src/tiago_supermarket/install/tiago_supermarket/share/tiago_supermarket/hook/pythonpath.ps1'
[9.390s] INFO:colcon.colcon_core.shell:Creating environment descriptor '/home/rosdev/ros2_ws/src/tiago_supermarket/install/tiago_supermarket/share/tiago_supermarket/hook/pythonpath.dsv'
[9.391s] INFO:colcon.colcon_core.shell:Creating environment hook '/home/rosdev/ros2_ws/src/tiago_supermarket/install/tiago_supermarket/share/tiago_supermarket/hook/pythonpath.sh'
[9.393s] Level 1:colcon.colcon_core.environment:checking '/home/rosdev/ros2_ws/src/tiago_supermarket/install/tiago_supermarket/bin'
[9.394s] Level 1:colcon.colcon_core.environment:create_environment_scripts_only(tiago_supermarket)
[9.395s] INFO:colcon.colcon_core.shell:Creating package script '/home/rosdev/ros2_ws/src/tiago_supermarket/install/tiago_supermarket/share/tiago_supermarket/package.ps1'
[9.398s] INFO:colcon.colcon_core.shell:Creating package descriptor '/home/rosdev/ros2_ws/src/tiago_supermarket/install/tiago_supermarket/share/tiago_supermarket/package.dsv'
[9.400s] INFO:colcon.colcon_core.shell:Creating package script '/home/rosdev/ros2_ws/src/tiago_supermarket/install/tiago_supermarket/share/tiago_supermarket/package.sh'
[9.403s] INFO:colcon.colcon_core.shell:Creating package script '/home/rosdev/ros2_ws/src/tiago_supermarket/install/tiago_supermarket/share/tiago_supermarket/package.bash'
[9.405s] INFO:colcon.colcon_core.shell:Creating package script '/home/rosdev/ros2_ws/src/tiago_supermarket/install/tiago_supermarket/share/tiago_supermarket/package.zsh'
[9.407s] Level 1:colcon.colcon_core.environment:create_file_with_runtime_dependencies(/home/rosdev/ros2_ws/src/tiago_supermarket/install/tiago_supermarket/share/colcon-core/packages/tiago_supermarket)
[9.408s] DEBUG:colcon.colcon_parallel_executor.executor.parallel:closing loop
[9.409s] DEBUG:colcon.colcon_parallel_executor.executor.parallel:loop closed
[9.411s] DEBUG:colcon.colcon_parallel_executor.executor.parallel:run_until_complete finished with '0'
[9.411s] DEBUG:colcon.colcon_core.event_reactor:joining thread
[9.478s] INFO:colcon.colcon_core.plugin_system:Skipping extension 'colcon_notification.desktop_notification.notify_send': Could not find 'notify-send'
[9.479s] INFO:colcon.colcon_core.plugin_system:Skipping extension 'colcon_notification.desktop_notification.terminal_notifier': Not used on non-Darwin systems
[9.479s] INFO:colcon.colcon_core.plugin_system:Skipping extension 'colcon_notification.desktop_notification.win32': Not used on non-Windows systems
[9.479s] INFO:colcon.colcon_notification.desktop_notification:Sending desktop notification using 'notify2'
[9.506s] DEBUG:colcon.colcon_notification.desktop_notification.notify2:Failed to initialize notify2: org.freedesktop.DBus.Error.Spawn.ExecFailed: /usr/bin/dbus-launch terminated abnormally without any error message
[9.507s] DEBUG:colcon.colcon_core.event_reactor:joined thread
[9.510s] INFO:colcon.colcon_core.shell:Creating prefix script '/home/rosdev/ros2_ws/src/tiago_supermarket/install/local_setup.ps1'
[9.515s] INFO:colcon.colcon_core.shell:Creating prefix util module '/home/rosdev/ros2_ws/src/tiago_supermarket/install/_local_setup_util_ps1.py'
[9.520s] INFO:colcon.colcon_core.shell:Creating prefix chain script '/home/rosdev/ros2_ws/src/tiago_supermarket/install/setup.ps1'
[9.530s] INFO:colcon.colcon_core.shell:Creating prefix script '/home/rosdev/ros2_ws/src/tiago_supermarket/install/local_setup.sh'
[9.535s] INFO:colcon.colcon_core.shell:Creating prefix util module '/home/rosdev/ros2_ws/src/tiago_supermarket/install/_local_setup_util_sh.py'
[9.538s] INFO:colcon.colcon_core.shell:Creating prefix chain script '/home/rosdev/ros2_ws/src/tiago_supermarket/install/setup.sh'
[9.548s] INFO:colcon.colcon_core.shell:Creating prefix script '/home/rosdev/ros2_ws/src/tiago_supermarket/install/local_setup.bash'
[9.550s] INFO:colcon.colcon_core.shell:Creating prefix chain script '/home/rosdev/ros2_ws/src/tiago_supermarket/install/setup.bash'
[9.561s] INFO:colcon.colcon_core.shell:Creating prefix script '/home/rosdev/ros2_ws/src/tiago_supermarket/install/local_setup.zsh'
[9.564s] INFO:colcon.colcon_core.shell:Creating prefix chain script '/home/rosdev/ros2_ws/src/tiago_supermarket/install/setup.zsh'
